
*** tstart() called on node001
*** at Thu Apr  1 16:51:30 2021

   => Loading Basis Set <=

    Name: 6-31G*
    Role: ORBITAL
    Keyword: BASIS
    atoms 1-3   entry N          line   128 file /home/lyna/anaconda3/envs/ffpenv/share/psi4/basis/6-31gs.gbs 
    atoms 4-24  entry C          line   111 file /home/lyna/anaconda3/envs/ffpenv/share/psi4/basis/6-31gs.gbs 
    atoms 25-44 entry H          line    44 file /home/lyna/anaconda3/envs/ffpenv/share/psi4/basis/6-31gs.gbs 


         ---------------------------------------------------------
                                   SCF
               by Justin Turney, Rob Parrish, Andy Simmonett
                          and Daniel G. A. Smith
                              RHF Reference
                        4 Threads,    953 MiB Core
         ---------------------------------------------------------

  ==> Geometry <==

    Molecular point group: c1
    Full point group: C1

    Geometry (in Angstrom), charge = 1, multiplicity = 1:

       Center              X                  Y                   Z               Mass       
    ------------   -----------------  -----------------  -----------------  -----------------
         N           -0.580964503106    -1.065654242127     0.035083392525    14.003074004430
         N           -5.377269503106    -1.196066242127     0.795032392525    14.003074004430
         N            3.027802496894     3.762450757873    -0.723815607475    14.003074004430
         C            0.577885496894    -0.399763242127    -0.133105607475    12.000000000000
         C           -1.814008503106    -0.412253242127     0.165440392525    12.000000000000
         C            0.604324496894     1.019894757873    -0.187785607475    12.000000000000
         C           -1.830757503106     1.011515757873     0.142728392525    12.000000000000
         C           -0.629872503106     1.737108757873    -0.126773607475    12.000000000000
         C           -0.554929503106    -2.554118242127     0.094694392525    12.000000000000
         C            1.843604496894    -1.160503242127    -0.237997607475    12.000000000000
         C           -2.994878503106    -1.148074242127     0.399321392525    12.000000000000
         C            1.828503496894     1.690573757873    -0.398804607475    12.000000000000
         C           -3.096362503106     1.640232757873     0.266833392525    12.000000000000
         C           -0.564010503106     3.148597757873    -0.206038607475    12.000000000000
         C           -4.219421503106    -0.499672242127     0.517408392525    12.000000000000
         C            1.862031496894     3.082156757873    -0.475586607475    12.000000000000
         C           -0.579401503106    -3.058042242127     1.530567392525    12.000000000000
         C           -4.244102503106     0.918985757873     0.487837392525    12.000000000000
         C            0.633210496894     3.796298757873    -0.413725607475    12.000000000000
         C            2.585111496894    -1.444869242127     0.918712392525    12.000000000000
         C            2.333879496894    -1.528811242127    -1.500657607475    12.000000000000
         C            3.800265496894    -2.123821242127     0.810106392525    12.000000000000
         C            3.547193496894    -2.211748242127    -1.597289607475    12.000000000000
         C            4.278740496894    -2.511324242127    -0.444355607475    12.000000000000
         H           -1.400848503106    -2.909819242127    -0.494039607475     1.007825032230
         H            0.351170496894    -2.874858242127    -0.414468607475     1.007825032230
         H           -2.988135503106    -2.229469242127     0.456132392525     1.007825032230
         H            2.753285496894     1.123748757873    -0.455702607475     1.007825032230
         H           -3.163250503106     2.722664757873     0.255380392525     1.007825032230
         H           -1.468892503106     3.746057757873    -0.168686607475     1.007825032230
         H            0.338695496894    -2.768349242127     2.044811392525     1.007825032230
         H           -0.636381503106    -4.150338242127     1.525647392525     1.007825032230
         H           -1.432585503106    -2.668547242127     2.088804392525     1.007825032230
         H           -5.193768503106     1.437813757873     0.600832392525     1.007825032230
         H            0.648359496894     4.881908757873    -0.493994607475     1.007825032230
         H            2.221612496894    -1.119872242127     1.891760392525     1.007825032230
         H            1.766481496894    -1.282838242127    -2.396462607475     1.007825032230
         H            4.375463496894    -2.345583242127     1.705301392525     1.007825032230
         H            3.924918496894    -2.503033242127    -2.573900607475     1.007825032230
         H           -6.249925503106    -0.724515242127     0.588752392525     1.007825032230
         H           -5.395467503106    -2.177965242127     0.545806392525     1.007825032230
         H            3.898961496894     3.281440757873    -0.536888607475     1.007825032230
         H            3.052147496894     4.748532757873    -0.496260607475     1.007825032230
         H            5.224244496894    -3.040900242127    -0.524341607475     1.007825032230

  Running in c1 symmetry.

  Rotational constants: A =      0.01093  B =      0.00675  C =      0.00442 [cm^-1]
  Rotational constants: A =    327.72867  B =    202.25485  C =    132.65793 [MHz]
  Nuclear repulsion = 1958.753313761478921

  Charge       = 1
  Multiplicity = 1
  Electrons    = 166
  Nalpha       = 83
  Nbeta        = 83

  ==> Algorithm <==

  SCF Algorithm Type is DF.
  DIIS enabled.
  MOM disabled.
  Fractional occupation disabled.
  Guess Type is SAD.
  Energy threshold   = 1.00e-06
  Density threshold  = 1.00e-06
  Integral threshold = 0.00e+00

  ==> Primary Basis <==

  Basis Set: 6-31G*
    Blend: 6-31G*
    Number of shells: 184
    Number of basis function: 400
    Number of Cartesian functions: 400
    Spherical Harmonics?: false
    Max angular momentum: 2

   => Loading Basis Set <=

    Name: (6-31G* AUX)
    Role: JKFIT
    Keyword: DF_BASIS_SCF
    atoms 1-3   entry N          line   171 file /home/lyna/anaconda3/envs/ffpenv/share/psi4/basis/cc-pvdz-jkfit.gbs 
    atoms 4-24  entry C          line   121 file /home/lyna/anaconda3/envs/ffpenv/share/psi4/basis/cc-pvdz-jkfit.gbs 
    atoms 25-44 entry H          line    51 file /home/lyna/anaconda3/envs/ffpenv/share/psi4/basis/cc-pvdz-jkfit.gbs 

  ==> Pre-Iterations <==

   -------------------------------------------------------
    Irrep   Nso     Nmo     Nalpha   Nbeta   Ndocc  Nsocc
   -------------------------------------------------------
     A        400     400       0       0       0       0
   -------------------------------------------------------
    Total     400     400      83      83      83       0
   -------------------------------------------------------

  ==> Integral Setup <==

  ==> DiskDFJK: Density-Fitted J/K Matrices <==

    J tasked:                  Yes
    K tasked:                  Yes
    wK tasked:                  No
    OpenMP threads:              4
    Integrals threads:           4
    Memory [MiB]:              715
    Algorithm:                Disk
    Integral Cache:           NONE
    Schwarz Cutoff:          1E-12
    Fitting Condition:       1E-10

   => Auxiliary Basis Set <=

  Basis Set: (6-31G* AUX)
    Blend: CC-PVDZ-JKFIT
    Number of shells: 756
    Number of basis function: 2444
    Number of Cartesian functions: 2444
    Spherical Harmonics?: false
    Max angular momentum: 3

  Minimum eigenvalue in the overlap matrix is 3.4965489899E-04.
  Using Symmetric Orthogonalization.

  SCF Guess: Superposition of Atomic Densities via on-the-fly atomic UHF.

  ==> Iterations <==

                           Total Energy        Delta E     RMS |[F,P]|

   @DF-RHF iter SAD:  -969.25473344209195   -9.69255e+02   0.00000e+00 
   @DF-RHF iter   1:  -969.68108114107758   -4.26348e-01   1.88220e-03 DIIS
   @DF-RHF iter   2:  -969.98443844401288   -3.03357e-01   9.41955e-04 DIIS
   @DF-RHF iter   3:  -970.04863804286492   -6.41996e-02   3.43564e-04 DIIS
   @DF-RHF iter   4:  -970.05970787669969   -1.10698e-02   1.20022e-04 DIIS
   @DF-RHF iter   5:  -970.06113664187887   -1.42877e-03   2.11376e-05 DIIS
   @DF-RHF iter   6:  -970.06122185309289   -8.52112e-05   1.13027e-05 DIIS
   @DF-RHF iter   7:  -970.06125194369099   -3.00906e-05   5.26067e-06 DIIS
   @DF-RHF iter   8:  -970.06126097193032   -9.02824e-06   2.65983e-06 DIIS
   @DF-RHF iter   9:  -970.06126452210856   -3.55018e-06   1.18666e-06 DIIS
   @DF-RHF iter  10:  -970.06126533968245   -8.17574e-07   5.78660e-07 DIIS
  Energy and wave function converged.


  ==> Post-Iterations <==

    Orbital Energies [Eh]
    ---------------------

    Doubly Occupied:                                                      

       1A    -15.794405     2A    -15.682678     3A    -15.675363  
       4A    -11.467685     5A    -11.426958     6A    -11.410763  
       7A    -11.402466     8A    -11.400322     9A    -11.388644  
      10A    -11.380935    11A    -11.376798    12A    -11.372746  
      13A    -11.368332    14A    -11.366410    15A    -11.363777  
      16A    -11.362998    17A    -11.362708    18A    -11.353566  
      19A    -11.353033    20A    -11.352435    21A    -11.351692  
      22A    -11.351442    23A    -11.350657    24A    -11.338083  
      25A     -1.460944    26A     -1.342989    27A     -1.340799  
      28A     -1.284170    29A     -1.280921    30A     -1.247725  
      31A     -1.196186    32A     -1.168910    33A     -1.153628  
      34A     -1.138085    35A     -1.132719    36A     -1.127607  
      37A     -1.088313    38A     -1.032092    39A     -1.005450  
      40A     -0.984315    41A     -0.964445    42A     -0.945559  
      43A     -0.943189    44A     -0.917656    45A     -0.877661  
      46A     -0.864463    47A     -0.842147    48A     -0.814635  
      49A     -0.812732    50A     -0.797734    51A     -0.793569  
      52A     -0.779262    53A     -0.772310    54A     -0.759441  
      55A     -0.747449    56A     -0.739663    57A     -0.730218  
      58A     -0.726411    59A     -0.713364    60A     -0.712139  
      61A     -0.704690    62A     -0.703698    63A     -0.695217  
      64A     -0.683214    65A     -0.667982    66A     -0.654961  
      67A     -0.649586    68A     -0.640566    69A     -0.633591  
      70A     -0.627045    71A     -0.622165    72A     -0.619361  
      73A     -0.610566    74A     -0.609037    75A     -0.595161  
      76A     -0.575142    77A     -0.551929    78A     -0.482487  
      79A     -0.454823    80A     -0.452670    81A     -0.447652  
      82A     -0.437271    83A     -0.370905  

    Virtual:                                                              

      84A     -0.078809    85A     -0.011051    86A      0.011611  
      87A      0.015642    88A      0.022041    89A      0.071081  
      90A      0.106511    91A      0.117721    92A      0.122298  
      93A      0.129068    94A      0.133194    95A      0.138464  
      96A      0.162957    97A      0.165829    98A      0.169101  
      99A      0.174897   100A      0.186666   101A      0.189303  
     102A      0.194034   103A      0.199898   104A      0.204971  
     105A      0.221047   106A      0.226313   107A      0.230420  
     108A      0.230916   109A      0.234447   110A      0.240563  
     111A      0.247915   112A      0.263824   113A      0.270454  
     114A      0.280998   115A      0.297523   116A      0.306411  
     117A      0.307624   118A      0.324451   119A      0.329612  
     120A      0.339784   121A      0.354081   122A      0.362573  
     123A      0.366740   124A      0.382523   125A      0.404863  
     126A      0.408171   127A      0.416831   128A      0.423366  
     129A      0.443445   130A      0.454599   131A      0.468563  
     132A      0.469891   133A      0.492510   134A      0.513833  
     135A      0.537124   136A      0.561250   137A      0.574537  
     138A      0.582725   139A      0.603695   140A      0.608156  
     141A      0.613859   142A      0.615651   143A      0.622701  
     144A      0.625417   145A      0.635093   146A      0.637799  
     147A      0.645715   148A      0.653077   149A      0.660302  
     150A      0.669104   151A      0.672408   152A      0.677791  
     153A      0.682128   154A      0.688984   155A      0.695132  
     156A      0.699438   157A      0.704371   158A      0.707016  
     159A      0.709273   160A      0.713114   161A      0.716916  
     162A      0.725163   163A      0.730602   164A      0.741825  
     165A      0.743072   166A      0.751216   167A      0.758843  
     168A      0.766464   169A      0.774580   170A      0.781297  
     171A      0.794454   172A      0.801660   173A      0.808491  
     174A      0.833800   175A      0.847819   176A      0.853199  
     177A      0.853858   178A      0.861457   179A      0.875031  
     180A      0.884212   181A      0.900231   182A      0.905816  
     183A      0.922446   184A      0.934410   185A      0.941813  
     186A      0.946218   187A      0.951947   188A      0.958784  
     189A      0.965647   190A      0.987090   191A      0.991735  
     192A      0.994237   193A      0.999470   194A      1.005551  
     195A      1.010824   196A      1.020178   197A      1.026083  
     198A      1.029101   199A      1.035612   200A      1.041502  
     201A      1.053568   202A      1.056752   203A      1.065652  
     204A      1.068245   205A      1.073763   206A      1.080846  
     207A      1.081238   208A      1.087241   209A      1.090714  
     210A      1.093970   211A      1.110897   212A      1.118654  
     213A      1.123503   214A      1.134326   215A      1.136119  
     216A      1.140964   217A      1.147516   218A      1.163865  
     219A      1.168461   220A      1.180322   221A      1.198787  
     222A      1.200936   223A      1.221993   224A      1.225767  
     225A      1.247391   226A      1.258606   227A      1.263544  
     228A      1.284416   229A      1.286783   230A      1.297516  
     231A      1.302486   232A      1.312048   233A      1.325013  
     234A      1.329318   235A      1.360129   236A      1.367026  
     237A      1.372758   238A      1.398811   239A      1.403121  
     240A      1.412473   241A      1.420307   242A      1.453409  
     243A      1.464626   244A      1.481586   245A      1.491103  
     246A      1.515134   247A      1.525681   248A      1.534587  
     249A      1.538339   250A      1.556234   251A      1.569848  
     252A      1.585692   253A      1.588841   254A      1.601729  
     255A      1.623725   256A      1.637941   257A      1.639000  
     258A      1.649112   259A      1.651113   260A      1.655738  
     261A      1.672071   262A      1.689505   263A      1.696565  
     264A      1.717155   265A      1.741774   266A      1.763871  
     267A      1.774524   268A      1.788843   269A      1.814397  
     270A      1.855814   271A      1.864901   272A      1.902840  
     273A      1.932426   274A      1.937717   275A      1.945947  
     276A      1.956990   277A      1.981647   278A      1.993060  
     279A      2.001693   280A      2.009474   281A      2.017688  
     282A      2.030449   283A      2.041032   284A      2.046028  
     285A      2.060195   286A      2.078220   287A      2.086100  
     288A      2.102128   289A      2.108092   290A      2.112732  
     291A      2.127898   292A      2.134860   293A      2.145233  
     294A      2.150307   295A      2.159031   296A      2.179757  
     297A      2.185117   298A      2.191839   299A      2.198235  
     300A      2.206463   301A      2.219105   302A      2.254489  
     303A      2.263561   304A      2.277981   305A      2.278813  
     306A      2.305994   307A      2.313944   308A      2.321893  
     309A      2.328031   310A      2.347351   311A      2.356100  
     312A      2.370587   313A      2.379254   314A      2.387713  
     315A      2.400776   316A      2.414682   317A      2.421832  
     318A      2.429044   319A      2.444887   320A      2.465908  
     321A      2.467846   322A      2.469025   323A      2.479789  
     324A      2.496527   325A      2.508133   326A      2.522358  
     327A      2.534255   328A      2.542472   329A      2.561812  
     330A      2.568339   331A      2.593010   332A      2.621747  
     333A      2.624304   334A      2.649221   335A      2.660238  
     336A      2.664007   337A      2.685592   338A      2.698407  
     339A      2.702758   340A      2.739648   341A      2.750528  
     342A      2.768173   343A      2.788264   344A      2.794711  
     345A      2.799668   346A      2.828531   347A      2.851645  
     348A      2.855302   349A      2.885739   350A      2.890439  
     351A      2.899223   352A      2.923131   353A      2.939313  
     354A      2.941660   355A      2.960415   356A      2.965307  
     357A      2.977487   358A      2.996733   359A      3.016168  
     360A      3.040711   361A      3.051122   362A      3.062335  
     363A      3.096412   364A      3.101103   365A      3.128878  
     366A      3.193551   367A      3.227075   368A      3.255636  
     369A      3.314330   370A      3.320217   371A      3.357093  
     372A      3.365316   373A      3.601417   374A      3.652379  
     375A      3.704991   376A      3.794342   377A      4.155828  
     378A      4.168807   379A      4.383170   380A      4.398125  
     381A      4.403554   382A      4.409096   383A      4.425134  
     384A      4.429291   385A      4.438742   386A      4.468302  
     387A      4.491583   388A      4.558313   389A      4.590768  
     390A      4.611924   391A      4.644978   392A      4.652556  
     393A      4.717642   394A      4.744609   395A      4.761108  
     396A      4.808779   397A      4.857117   398A      4.977633  
     399A      5.048960   400A      5.192432  

    Final Occupation by Irrep:
              A 
    DOCC [    83 ]

  @DF-RHF Final Energy:  -970.06126533968245

   => Energetics <=

    Nuclear Repulsion Energy =           1958.7533137614789212
    One-Electron Energy =               -5188.0620770386203731
    Two-Electron Energy =                2259.2474979374587747
    Total Energy =                       -970.0612653396824498

Computation Completed


Properties will be evaluated at   0.000000,   0.000000,   0.000000 [a0]

Properties computed using the SCF density matrix

  Nuclear Dipole Moment: [e a0]
     X:     0.5954      Y:    -8.3046      Z:     2.9513

  Electronic Dipole Moment: [e a0]
     X:    -0.8606      Y:     8.1360      Z:    -2.9942

  Dipole Moment: [e a0]
     X:    -0.2651      Y:    -0.1686      Z:    -0.0429     Total:     0.3171

  Dipole Moment: [D]
     X:    -0.6739      Y:    -0.4286      Z:    -0.1090     Total:     0.8060


*** tstop() called on node001 at Thu Apr  1 16:52:37 2021
Module time:
	user time   =     224.95 seconds =       3.75 minutes
	system time =      17.35 seconds =       0.29 minutes
	total time  =         67 seconds =       1.12 minutes
Total time:
	user time   =     224.95 seconds =       3.75 minutes
	system time =      17.35 seconds =       0.29 minutes
	total time  =         67 seconds =       1.12 minutes
INTERACTION MONOMER ENERGY is : -970.0612653396824