######################
### Initial Values ###
######################
 
Initial temp = 10.0
Initial RMSE =      0.8725521
 
Lets see how it goes!
 
--------------------------------------------------------------------------------------------------------------
     RMSE         delRMSE        BestRMSE     MP_Exponent    MP_Value   MCSA_Temp   decision  
--------------------------------------------------------------------------------------------------------------
  1.2117965      0.3392444      0.8725521      -0.0339244   9.6664e-01  10.00000      AM     
  0.8306488      -0.3811477     0.8306488      -0.0339244   9.6664e-01  10.00000      AF     
  1.7467385      0.9160896      0.8306488      -0.0925570   9.1160e-01  9.89757       AM     
  1.1610211      -0.5857174     0.8306488      -0.0925570   9.1160e-01  9.79619       AF     
  1.8248141      0.6637930      0.8306488      -0.0684616   9.3383e-01  9.69584       AM     
  0.7350092      -1.0898049     0.7350092      -0.0684616   9.3383e-01  9.59652       AF     
  1.1006403      0.3656311      0.7350092      -0.0384947   9.6224e-01  9.49823       AM     
  1.1080133      0.0073730      0.7350092      -0.0007843   9.9922e-01  9.40093       AM     
  1.6329637      0.5249504      0.7350092      -0.0564181   9.4514e-01  9.30464       AM     
  0.8606436      -0.7723201     0.7350092      -0.0564181   9.4514e-01  9.20933       AF     
  1.2206011      0.3599575      0.7350092      -0.0394907   9.6128e-01  9.11500       AM     
  2.4816550      1.2610540      0.7350092      -0.1397812   8.6955e-01  9.02163       AM     
  0.6477040      -1.8339510     0.6477040      -0.1397812   8.6955e-01  8.92922       AF     
  0.9987362      0.3510322      0.6477040      -0.0397196   9.6106e-01  8.83776       AM     
  1.1936025      0.1948662      0.6477040      -0.0222775   9.7797e-01  8.74723       AM     
  1.4697370      0.2761345      0.6477040      -0.0318949   9.6861e-01  8.65763       AM     
  2.0409039      0.5711669      0.6477040      -0.0666554   9.3552e-01  8.56895       AM     
  0.8118653      -1.2290386     0.6477040      -0.0666554   9.3552e-01  8.48117       AF     
  0.6672703      -0.1445951     0.6477040      -0.0666554   9.3552e-01  8.39430       AF     
  0.6672703      0.7576705      0.6477040      -0.0911942   9.1284e-01  8.30832       RM     
  1.0564880      0.3892178      0.6477040      -0.0473316   9.5377e-01  8.22321       AM     
  0.7104778      -0.3460102     0.6477040      -0.0473316   9.5377e-01  8.13898       AF     
  1.8015649      1.0910871      0.6477040      -0.1354444   8.7333e-01  8.05561       AM     
  0.6778370      -1.1237279     0.6477040      -0.1354444   8.7333e-01  7.97310       AF     
  0.9840670      0.3062301      0.6477040      -0.0388054   9.6194e-01  7.89143       AM     
  1.1478048      0.1637378      0.6477040      -0.0209636   9.7925e-01  7.81059       AM     
  1.3502111      0.2024063      0.6477040      -0.0261825   9.7416e-01  7.73059       AM     
  0.9829177      -0.3672934     0.6477040      -0.0261825   9.7416e-01  7.65140       AF     
  1.0812980      0.0983803      0.6477040      -0.0129909   9.8709e-01  7.57303       AM     
  0.8245148      -0.2567831     0.6477040      -0.0129909   9.8709e-01  7.49545       AF     
  1.1970499      0.3725351      0.6477040      -0.0502158   9.5102e-01  7.41868       AM     
  1.2273731      0.0303232      0.6477040      -0.0041297   9.9588e-01  7.34269       AM     
  1.6428326      0.4154595      0.6477040      -0.0571670   9.4444e-01  7.26747       AM     
  1.0059403      -0.6368923     0.6477040      -0.0571670   9.4444e-01  7.19303       AF     
  0.9914219      -0.0145184     0.6477040      -0.0571670   9.4444e-01  7.11935       AF     
  0.8421652      -0.1492568     0.6477040      -0.0571670   9.4444e-01  7.04643       AF     
  0.7629059      -0.0792592     0.6477040      -0.0571670   9.4444e-01  6.97425       AF     
  2.0336369      1.2707310      0.6477040      -0.1840889   8.3186e-01  6.90281       AM     
  2.7757813      0.7421443      0.6477040      -0.1086260   8.9707e-01  6.83210       AM     
  0.9803734      -1.7954079     0.6477040      -0.1086260   8.9707e-01  6.76212       AF     
  1.9135356      0.9331623      0.6477040      -0.1394266   8.6986e-01  6.69286       AM     
  0.7574079      -1.1561278     0.6477040      -0.1394266   8.6986e-01  6.62430       AF     
  0.8172885      0.0598807      0.6477040      -0.0091331   9.9091e-01  6.55645       AM     
  1.9494784      1.1321898      0.6477040      -0.1744706   8.3990e-01  6.48929       AM     
  1.7784808      -0.1709976     0.6477040      -0.1744706   8.3990e-01  6.42282       AF     
  1.9095020      0.1310212      0.6477040      -0.0206104   9.7960e-01  6.35703       AM     
  1.9506955      0.0411936      0.6477040      -0.0065471   9.9347e-01  6.29191       AM     
  1.2428982      -0.7077973     0.6477040      -0.0065471   9.9347e-01  6.22746       AF     
  0.8532411      -0.3896571     0.6477040      -0.0065471   9.9347e-01  6.16367       AF     
  0.6695475      -0.1836936     0.6477040      -0.0065471   9.9347e-01  6.10054       AF     
  0.7707659      0.1012183      0.6477040      -0.0167634   9.8338e-01  6.03805       AM     
  0.8651269      0.0943611      0.6477040      -0.0157895   9.8433e-01  5.97620       AM     
  2.1326258      1.2674989      0.6477040      -0.2142862   8.0712e-01  5.91498       AM     
  2.2756208      0.1429949      0.6477040      -0.0244252   9.7587e-01  5.85439       AM     
  0.9379594      -1.3376613     0.6477040      -0.0244252   9.7587e-01  5.79443       AF     
  1.1366652      0.1987058      0.6477040      -0.0346475   9.6595e-01  5.73507       AM     
  0.6428177      -0.4938476     0.6428177      -0.0346475   9.6595e-01  5.67633       AF     
  0.6515025      0.0086848      0.6428177      -0.0015458   9.9846e-01  5.61818       AM     
  1.1130021      0.4614996      0.6428177      -0.0829940   9.2036e-01  5.56064       AM     
  1.0509858      -0.0620163     0.6428177      -0.0829940   9.2036e-01  5.50368       AF     
  2.0471590      0.9961732      0.6428177      -0.1828746   8.3287e-01  5.44730       AM     
  1.2826529      -0.7645061     0.6428177      -0.1828746   8.3287e-01  5.39150       AF     
  1.0110907      -0.2715622     0.6428177      -0.1828746   8.3287e-01  5.33628       AF     
  1.0527585      0.0416678      0.6428177      -0.0078892   9.9214e-01  5.28162       AM     
  2.1063386      1.0535801      0.6428177      -0.2015450   8.1747e-01  5.22752       AM     
  0.9645338      -1.1418048     0.6428177      -0.2015450   8.1747e-01  5.17397       AF     
  1.3550588      0.3905250      0.6428177      -0.0762599   9.2658e-01  5.12097       AM     
  1.0970853      -0.2579735     0.6428177      -0.0762599   9.2658e-01  5.06852       AF     
  1.3849499      0.2878646      0.6428177      -0.0573824   9.4423e-01  5.01660       AM     
  1.9726684      0.5877185      0.6428177      -0.1183672   8.8837e-01  4.96521       AM     
  1.1468898      -0.8257786     0.6428177      -0.1183672   8.8837e-01  4.91435       AF     
  1.7228463      0.5759565      0.6428177      -0.1184117   8.8833e-01  4.86402       AM     
  0.9959118      -0.7269345     0.6428177      -0.1184117   8.8833e-01  4.81419       AF     
  1.7307732      0.7348614      0.6428177      -0.1542245   8.5708e-01  4.76488       AM     
  0.9119036      -0.8188696     0.6428177      -0.1542245   8.5708e-01  4.71607       AF     
  0.9119036      1.6431109      0.6428177      -0.3520124   7.0327e-01  4.66776       RM     
  0.7880862      -0.1238174     0.6428177      -0.3520124   7.0327e-01  4.61995       AF     
  1.6915627      0.9034765      0.6428177      -0.1975836   8.2071e-01  4.57263       AM     
  0.6168230      -1.0747397     0.6168230      -0.1975836   8.2071e-01  4.52579       AF     
  1.9465628      1.3297398      0.6168230      -0.2968545   7.4315e-01  4.47943       AM     
  0.9374234      -1.0091395     0.6168230      -0.2968545   7.4315e-01  4.43355       AF     
  1.3734335      0.4360101      0.6168230      -0.0993611   9.0542e-01  4.38813       AM     
  1.1722024      -0.2012310     0.6168230      -0.0993611   9.0542e-01  4.34319       AF     
  0.7530671      -0.4191353     0.6168230      -0.0993611   9.0542e-01  4.29870       AF     
  0.7350109      -0.0180562     0.6168230      -0.0993611   9.0542e-01  4.25467       AF     
  0.6714349      -0.0635761     0.6168230      -0.0993611   9.0542e-01  4.21108       AF     
  0.8178034      0.1463685      0.6168230      -0.0351176   9.6549e-01  4.16795       AM     
  1.1462782      0.3284748      0.6168230      -0.0796253   9.2346e-01  4.12526       AM     
  0.7339416      -0.4123366     0.6168230      -0.0796253   9.2346e-01  4.08300       AF     
  0.7339416      1.4680361      0.6168230      -0.3632694   6.9540e-01  4.04118       RM     
  1.9900005      1.2560589      0.6168230      -0.3140317   7.3050e-01  3.99978       AM     
  0.8319870      -1.1580135     0.6168230      -0.3140317   7.3050e-01  3.95881       AF     
  0.6442162      -0.1877708     0.6168230      -0.3140317   7.3050e-01  3.91826       AF     
  0.6442162      1.0199245      0.6168230      -0.2629941   7.6875e-01  3.87813       RM     
  1.6484415      1.0042253      0.6168230      -0.2616259   7.6980e-01  3.83840       AM     
  1.1690075      -0.4794340     0.6168230      -0.2616259   7.6980e-01  3.79908       AF     
  0.5899458      -0.5790617     0.5899458      -0.2616259   7.6980e-01  3.76017       AF     
  2.3445000      1.7545543      0.5899458      -0.4714448   6.2410e-01  3.72165       AM     
  1.2712309      -1.0732691     0.5899458      -0.4714448   6.2410e-01  3.68353       AF     
  1.7088955      0.4376645      0.5899458      -0.1200462   8.8688e-01  3.64580       AM     
  0.7700611      -0.9388344     0.5899458      -0.1200462   8.8688e-01  3.60846       AF     
  1.5793883      0.8093271      0.5899458      -0.2266074   7.9723e-01  3.57149       AM     
  0.6572780      -0.9221103     0.5899458      -0.2266074   7.9723e-01  3.53491       AF     
  0.6964690      0.0391911      0.5899458      -0.0112016   9.8886e-01  3.49870       AM     
  0.8247302      0.1282611      0.5899458      -0.0370390   9.6364e-01  3.46286       AM     
  0.6998561      -0.1248741     0.5899458      -0.0370390   9.6364e-01  3.42739       AF     
  0.6998561      1.2202848      0.5899458      -0.3597234   6.9787e-01  3.39229       RM     
  0.6998561      1.5410933      0.5899458      -0.4589950   6.3192e-01  3.35754       RM     
  1.8412629      1.1414068      0.5899458      -0.3434717   7.0930e-01  3.32315       AM     
  1.2521061      -0.5891568     0.5899458      -0.3434717   7.0930e-01  3.28911       AF     
  1.0332514      -0.2188547     0.5899458      -0.3434717   7.0930e-01  3.25542       AF     
  0.8789917      -0.1542598     0.5899458      -0.3434717   7.0930e-01  3.22207       AF     
  0.8789917      1.4819345      0.5899458      -0.4646924   6.2833e-01  3.18907       RM     
  0.8789917      1.7371289      0.5899458      -0.5503514   5.7675e-01  3.15640       RM     
  1.3093472      0.4303556      0.5899458      -0.1377549   8.7131e-01  3.12407       AM     
  0.9750831      -0.3342641     0.5899458      -0.1377549   8.7131e-01  3.09207       AF     
  2.2508224      1.2757392      0.5899458      -0.4168545   6.5912e-01  3.06039       AM     
  2.2466814      -0.0041410     0.5899458      -0.4168545   6.5912e-01  3.02905       AF     
  0.6876842      -1.5589973     0.5899458      -0.4168545   6.5912e-01  2.99802       AF     
  0.6876842      1.6735458      0.5899458      -0.5639942   5.6893e-01  2.96731       RM     
  1.0981352      0.4104511      0.5899458      -0.1397558   8.6957e-01  2.93692       AM     
  1.6359993      0.5378640      0.5899458      -0.1850344   8.3108e-01  2.90683       AM     
  2.5455091      0.9095098      0.5899458      -0.3161251   7.2897e-01  2.87706       AM     
  1.0716981      -1.4738110     0.5899458      -0.3161251   7.2897e-01  2.84759       AF     
  0.9062211      -0.1654770     0.5899458      -0.3161251   7.2897e-01  2.81842       AF     
  0.7044974      -0.2017237     0.5899458      -0.3161251   7.2897e-01  2.78955       AF     
  0.9630459      0.2585485      0.5899458      -0.0936439   9.1061e-01  2.76097       AM     
  0.7419668      -0.2210791     0.5899458      -0.0936439   9.1061e-01  2.73269       AF     
  1.0072385      0.2652717      0.5899458      -0.0980780   9.0658e-01  2.70470       AM     
  1.5306295      0.5233910      0.5899458      -0.1955142   8.2241e-01  2.67700       AM     
  0.7367681      -0.7938614     0.5899458      -0.1955142   8.2241e-01  2.64958       AF     
  0.9861676      0.2493995      0.5899458      -0.0951022   9.0928e-01  2.62244       AM     
  0.7933673      -0.1928004     0.5899458      -0.0951022   9.0928e-01  2.59557       AF     
  0.7614783      -0.0318889     0.5899458      -0.0951022   9.0928e-01  2.56899       AF     
  1.2217639      0.4602855      0.5899458      -0.1810243   8.3442e-01  2.54267       AM     
  2.0955803      0.8738164      0.5899458      -0.3472172   7.0665e-01  2.51663       AM     
  1.2839698      -0.8116105     0.5899458      -0.3472172   7.0665e-01  2.49085       AF     
  1.2643182      -0.0196517     0.5899458      -0.3472172   7.0665e-01  2.46533       AF     
  1.2643182      0.7730445      0.5899458      -0.3168109   7.2847e-01  2.44008       RM     
  0.8732329      -0.3910852     0.5899458      -0.3168109   7.2847e-01  2.41509       AF     
  0.9188283      0.0455954      0.5899458      -0.0190748   9.8111e-01  2.39035       AM     
  1.0644533      0.1456250      0.5899458      -0.0615525   9.4030e-01  2.36586       AM     
  1.2995717      0.2351184      0.5899458      -0.1004080   9.0447e-01  2.34163       AM     
  0.8965275      -0.4030442     0.5899458      -0.1004080   9.0447e-01  2.31765       AF     
  0.8577972      -0.0387303     0.5899458      -0.1004080   9.0447e-01  2.29391       AF     
  0.9074601      0.0496629      0.5899458      -0.0218740   9.7836e-01  2.27041       AM     
  0.9074601      0.3834569      0.5899458      -0.1706413   8.4312e-01  2.24715       RM     
  0.9074601      0.8126702      0.5899458      -0.3653873   6.9393e-01  2.22413       RM     
  0.7989697      -0.1084904     0.5899458      -0.3653873   6.9393e-01  2.20135       AF     
  0.9924677      0.1934981      0.5899458      -0.0888093   9.1502e-01  2.17880       AM     
  2.0385640      1.0460962      0.5899458      -0.4850932   6.1564e-01  2.15648       AM     
  0.7497411      -1.2888229     0.5899458      -0.4850932   6.1564e-01  2.13440       AF     
  1.0562736      0.3065326      0.5899458      -0.1451019   8.6493e-01  2.11253       AM     
  1.5406409      0.4843673      0.5899458      -0.2316556   7.9322e-01  2.09089       AM     
  0.7374610      -0.8031799     0.5899458      -0.2316556   7.9322e-01  2.06948       AF     
  1.8723544      1.1348933      0.5899458      -0.5540719   5.7461e-01  2.04828       AM     
  1.6410002      -0.2313542     0.5899458      -0.5540719   5.7461e-01  2.02730       AF     
  0.8880566      -0.7529436     0.5899458      -0.5540719   5.7461e-01  2.00653       AF     
  0.8880566      0.1941758      0.5899458      -0.0977734   9.0685e-01  1.98598       RM     
  0.9855766      0.0975199      0.5899458      -0.0496124   9.5160e-01  1.96564       AM     
  1.2402130      0.2546364      0.5899458      -0.1308848   8.7732e-01  1.94550       AM     
  1.5364347      0.2962217      0.5899458      -0.1538356   8.5741e-01  1.92557       AM     
  1.2599547      -0.2764800     0.5899458      -0.1538356   8.5741e-01  1.90585       AF     
  0.9612223      -0.2987323     0.5899458      -0.1538356   8.5741e-01  1.88633       AF     
  0.7274578      -0.2337646     0.5899458      -0.1538356   8.5741e-01  1.86700       AF     
  1.7598981      1.0324403      0.5899458      -0.5587159   5.7194e-01  1.84788       AM     
  1.1776289      -0.5822692     0.5899458      -0.5587159   5.7194e-01  1.82895       AF     
  0.7697981      -0.4078307     0.5899458      -0.5587159   5.7194e-01  1.81022       AF     
  1.7322803      0.9624821      0.5899458      -0.5371966   5.8438e-01  1.79168       AM     
  1.2285906      -0.5036896     0.5899458      -0.5371966   5.8438e-01  1.77332       AF     
  1.8326706      0.6040800      0.5899458      -0.3441740   7.0881e-01  1.75516       AM     
  1.3309779      -0.5016927     0.5899458      -0.3441740   7.0881e-01  1.73718       AF     
  1.9595305      0.6285526      0.5899458      -0.3655680   6.9380e-01  1.71939       AM     
  0.8187407      -1.1407898     0.5899458      -0.3655680   6.9380e-01  1.70177       AF     
  1.2438942      0.4251535      0.5899458      -0.2524151   7.7692e-01  1.68434       AM     
  0.9195460      -0.3243483     0.5899458      -0.2524151   7.7692e-01  1.66709       AF     
  0.9195460      0.3269767      0.5899458      -0.1981661   8.2023e-01  1.65001       RM     
  1.0646867      0.1451408      0.5899458      -0.0888737   9.1496e-01  1.63311       AM     
  1.1218643      0.0571776      0.5899458      -0.0353738   9.6524e-01  1.61638       AM     
  1.1218643      0.9978227      0.5899458      -0.6237068   5.3595e-01  1.59983       RM     
  0.8835011      -0.2383632     0.5899458      -0.6237068   5.3595e-01  1.58344       AF     
  1.7186462      0.8351452      0.5899458      -0.5328832   5.8691e-01  1.56722       AM     
  0.8171194      -0.9015268     0.5899458      -0.5328832   5.8691e-01  1.55117       AF     
  2.1641675      1.3470481      0.5899458      -0.8773971   4.1586e-01  1.53528       AM     
  2.1154479      -0.0487196     0.5899458      -0.8773971   4.1586e-01  1.51955       AF     
  0.8924277      -1.2230202     0.5899458      -0.8773971   4.1586e-01  1.50399       AF     
  0.7642308      -0.1281969     0.5899458      -0.8773971   4.1586e-01  1.48858       AF     
  2.4371021      1.6728713      0.5899458      -1.1354333   3.2128e-01  1.47333       AM     
  0.8641447      -1.5729573     0.5899458      -1.1354333   3.2128e-01  1.45824       AF     
  1.1367364      0.2725917      0.5899458      -0.1888664   8.2790e-01  1.44330       AM     
  2.0838548      0.9471184      0.5899458      -0.6630066   5.1530e-01  1.42852       AM     
  2.0594431      -0.0244116     0.5899458      -0.6630066   5.1530e-01  1.41389       AF     
  1.1889005      -0.8705426     0.5899458      -0.6630066   5.1530e-01  1.39940       AF     
  1.4142364      0.2253359      0.5899458      -0.1626891   8.4986e-01  1.38507       AM     
  1.4318370      0.0176006      0.5899458      -0.0128389   9.8724e-01  1.37088       AM     
  0.6039486      -0.8278884     0.5899458      -0.0128389   9.8724e-01  1.35684       AF     
  0.6428071      0.0388585      0.5899458      -0.0289353   9.7148e-01  1.34294       AM     
  1.0681050      0.4252979      0.5899458      -0.3199686   7.2617e-01  1.32919       AM     
  0.8419156      -0.2261894     0.5899458      -0.3199686   7.2617e-01  1.31557       AF     
  0.9079789      0.0660633      0.5899458      -0.0507361   9.5053e-01  1.30210       AM     
  0.9079789      1.1565951      0.5899458      -0.8974493   4.0761e-01  1.28876       RM     
  1.0509684      0.1429895      0.5899458      -0.1120997   8.9396e-01  1.27556       AM     
  1.0509684      0.6341154      0.5899458      -0.5022731   6.0515e-01  1.26249       RM     
  2.1584541      1.1074857      0.5899458      -0.8863010   4.1218e-01  1.24956       AM     
  1.9326153      -0.2258388     0.5899458      -0.8863010   4.1218e-01  1.23676       AF     
  0.8286075      -1.1040079     0.5899458      -0.8863010   4.1218e-01  1.22409       AF     
  1.0115266      0.1829191      0.5899458      -0.1509790   8.5987e-01  1.21155       AM     
  0.9193376      -0.0921890     0.5899458      -0.1509790   8.5987e-01  1.19914       AF     
  1.0777071      0.1583695      0.5899458      -0.1334357   8.7508e-01  1.18686       AM     
  0.8669946      -0.2107125     0.5899458      -0.1334357   8.7508e-01  1.17470       AF     
  0.6735536      -0.1934410     0.5899458      -0.1334357   8.7508e-01  1.16267       AF     
  0.9196024      0.2460488      0.5899458      -0.2138141   8.0750e-01  1.15076       AM     
  1.1750657      0.2554633      0.5899458      -0.2242927   7.9908e-01  1.13897       AM     
  1.8593017      0.6842360      0.5899458      -0.6069655   5.4500e-01  1.12731       AM     
  1.2983310      -0.5609707     0.5899458      -0.6069655   5.4500e-01  1.11576       AF     
  0.7349286      -0.5634024     0.5899458      -0.6069655   5.4500e-01  1.10433       AF     
  1.4097492      0.6748206      0.5899458      -0.6173919   5.3935e-01  1.09302       AM     
  1.4097492      0.4580696      0.5899458      -0.4234241   6.5480e-01  1.08182       RM     
  1.4867990      0.0770498      0.5899458      -0.0719593   9.3057e-01  1.07074       AM     
  1.1310072      -0.3557918     0.5899458      -0.0719593   9.3057e-01  1.05977       AF     
  0.9877070      -0.1433001     0.5899458      -0.0719593   9.3057e-01  1.04892       AF     
  1.3831789      0.3954718      0.5899458      -0.3809304   6.8323e-01  1.03817       AM     
  1.1353369      -0.2478420     0.5899458      -0.3809304   6.8323e-01  1.02754       AF     
  0.9954315      -0.1399053     0.5899458      -0.3809304   6.8323e-01  1.01701       AF     
  0.7824359      -0.2129957     0.5899458      -0.3809304   6.8323e-01  1.00660       AF     
  0.7624475      -0.0199884     0.5899458      -0.3809304   6.8323e-01  0.99629       AF     
  0.7770735      0.0146261      0.5899458      -0.0148325   9.8528e-01  0.98608       AM     
  0.9476146      0.1705411      0.5899458      -0.1747383   8.3968e-01  0.97598       AM     
  0.9476146      1.5396207      0.5899458      -1.5938386   2.0314e-01  0.96598       RM     
  0.9375776      -0.0100371     0.5899458      -1.5938386   2.0314e-01  0.95609       AF     
  1.1743114      0.2367338      0.5899458      -0.2501692   7.7867e-01  0.94629       AM     
  1.2768906      0.1025792      0.5899458      -0.1095228   8.9626e-01  0.93660       AM     
  0.8557676      -0.4211230     0.5899458      -0.1095228   8.9626e-01  0.92701       AF     
  1.0410439      0.1852763      0.5899458      -0.2019333   8.1715e-01  0.91751       AM     
  1.2517617      0.2107178      0.5899458      -0.2320389   7.9292e-01  0.90811       AM     
  1.6255935      0.3738318      0.5899458      -0.4159177   6.5973e-01  0.89881       AM     
  1.9521928      0.3265993      0.5899458      -0.3671282   6.9272e-01  0.88961       AM     
  1.7389196      -0.2132732     0.5899458      -0.3671282   6.9272e-01  0.88049       AF     
  1.2312771      -0.5076425     0.5899458      -0.3671282   6.9272e-01  0.87147       AF     
  0.8080730      -0.4232042     0.5899458      -0.3671282   6.9272e-01  0.86255       AF     
  0.8029308      -0.0051422     0.5899458      -0.3671282   6.9272e-01  0.85371       AF     
  1.2300176      0.4270868      0.5899458      -0.5054478   6.0324e-01  0.84497       AM     
  1.2300176      0.6202890      0.5899458      -0.7416956   4.7631e-01  0.83631       RM     
  0.7383580      -0.4916596     0.5899458      -0.7416956   4.7631e-01  0.82775       AF     
  2.0568703      1.3185123      0.5899458      -1.6093807   2.0001e-01  0.81927       AM     
  0.8093144      -1.2475559     0.5899458      -1.6093807   2.0001e-01  0.81087       AF     
  1.0958333      0.2865188      0.5899458      -0.3570021   6.9977e-01  0.80257       AM     
  1.3917998      0.2959665      0.5899458      -0.3725904   6.8895e-01  0.79435       AM     
  1.6250523      0.2332525      0.5899458      -0.2966791   7.4328e-01  0.78621       AM     
  1.8190184      0.1939662      0.5899458      -0.2492632   7.7937e-01  0.77816       AM     
  0.5916580      -1.2273604     0.5899458      -0.2492632   7.7937e-01  0.77019       AF     
  1.0065182      0.4148602      0.5899458      -0.5442230   5.8029e-01  0.76230       AM     
  1.0065182      0.8005966      0.5899458      -1.0611099   3.4607e-01  0.75449       RM     
  0.8295742      -0.1769440     0.5899458      -1.0611099   3.4607e-01  0.74676       AF     
  0.8295742      0.9703381      0.5899458      -1.3128427   2.6905e-01  0.73911       RM     
  0.8435723      0.0139981      0.5899458      -0.0191351   9.8105e-01  0.73154       AM     
  0.8435723      0.2423542      0.5899458      -0.3347211   7.1554e-01  0.72405       RM     
  0.9120891      0.0685168      0.5899458      -0.0956095   9.0882e-01  0.71663       AM     
  0.7838967      -0.1281924     0.5899458      -0.0956095   9.0882e-01  0.70929       AF     
  1.5358262      0.7519296      0.5899458      -1.0710858   3.4264e-01  0.70203       AM     
  0.8263566      -0.7094696     0.5899458      -1.0710858   3.4264e-01  0.69483       AF     
  0.8251616      -0.0011950     0.5899458      -1.0710858   3.4264e-01  0.68772       AF     
  0.8106797      -0.0144819     0.5899458      -1.0710858   3.4264e-01  0.68067       AF     
  1.3407828      0.5301031      0.5899458      -0.7868527   4.5528e-01  0.67370       AM     
  0.9262014      -0.4145813     0.5899458      -0.7868527   4.5528e-01  0.66680       AF     
  0.9262014      0.4118649      0.5899458      -0.6240666   5.3576e-01  0.65997       RM     
  0.8485981      -0.0776033     0.5899458      -0.6240666   5.3576e-01  0.65321       AF     
  0.7247544      -0.1238437     0.5899458      -0.6240666   5.3576e-01  0.64652       AF     
  1.0931221      0.3683677      0.5899458      -0.5756681   5.6233e-01  0.63990       AM     
  1.0931221      0.4843820      0.5899458      -0.7648039   4.6543e-01  0.63334       RM     
  0.6498229      -0.4432992     0.5899458      -0.7648039   4.6543e-01  0.62685       AF     
  0.7893207      0.1394978      0.5899458      -0.2248394   7.9864e-01  0.62043       AM     
  0.7175987      -0.0717220     0.5899458      -0.2248394   7.9864e-01  0.61408       AF     
  0.7175987      0.6561745      0.5899458      -1.0796114   3.3973e-01  0.60779       RM     
  0.8979412      0.1803425      0.5899458      -0.2997904   7.4097e-01  0.60156       AM     
  0.8979412      1.0394996      0.5899458      -1.7458843   1.7449e-01  0.59540       RM     
  1.0568406      0.1588994      0.5899458      -0.2696404   7.6365e-01  0.58930       AM     
  0.7659997      -0.2908409     0.5899458      -0.2696404   7.6365e-01  0.58326       AF     
  0.7659997      1.8976157      0.5899458      -3.2871073   3.7362e-02  0.57729       RM     
  0.7659997      0.3207183      0.5899458      -0.5613075   5.7046e-01  0.57138       RM     
  0.7659997      0.6550807      0.5899458      -1.1583597   3.1400e-01  0.56552       RM     
  0.9380297      0.1720299      0.5899458      -0.3073436   7.3540e-01  0.55973       AM     
  0.9380297      0.4629295      0.5899458      -0.8356155   4.3361e-01  0.55400       RM     
  0.7194188      -0.2186109     0.5899458      -0.8356155   4.3361e-01  0.54832       AF     
  0.6608512      -0.0585676     0.5899458      -0.8356155   4.3361e-01  0.54271       AF     
  0.6608512      0.2628616      0.5899458      -0.4893655   6.1302e-01  0.53715       RM     
  0.6608512      0.3018108      0.5899458      -0.5676915   5.6683e-01  0.53165       RM     
  0.6608512      0.4734002      0.5899458      -0.8996582   4.0671e-01  0.52620       RM     
  0.6608512      1.4832101      0.5899458      -2.8478906   5.7966e-02  0.52081       RM     
  0.6608512      0.6499241      0.5899458      -1.2608250   2.8342e-01  0.51548       RM     
  0.6608512      1.7865250      0.5899458      -3.5016500   3.0148e-02  0.51020       RM     
  0.6608512      0.5300474      0.5899458      -1.0496629   3.5006e-01  0.50497       RM     
  0.6608512      1.3827764      0.5899458      -2.7666778   6.2871e-02  0.49980       RM     
  0.6608512      0.1894244      0.5899458      -0.3829252   6.8186e-01  0.49468       RM     
  1.8109410      1.1500898      0.5899458      -2.3489912   9.5465e-02  0.48961       AM     
  1.3263839      -0.4845571     0.5899458      -2.3489912   9.5465e-02  0.48459       AF     
  0.8763817      -0.4500022     0.5899458      -2.3489912   9.5465e-02  0.47963       AF     
  0.7938001      -0.0825816     0.5899458      -2.3489912   9.5465e-02  0.47472       AF     
  0.7938001      0.3249056      0.5899458      -0.6915011   5.0082e-01  0.46986       RM     
  0.7756680      -0.0181321     0.5899458      -0.6915011   5.0082e-01  0.46504       AF     
  0.7756680      0.2607500      0.5899458      -0.5665040   5.6751e-01  0.46028       RM     
  1.1379447      0.3622767      0.5899458      -0.7952259   4.5148e-01  0.45556       AM     
  1.6412049      0.5032602      0.5899458      -1.1161286   3.2755e-01  0.45090       AM     
  0.7342443      -0.9069606     0.5899458      -1.1161286   3.2755e-01  0.44628       AF     
  1.2028496      0.4686053      0.5899458      -1.0608936   3.4615e-01  0.44171       AM     
  0.8420718      -0.3607778     0.5899458      -1.0608936   3.4615e-01  0.43718       AF     
  0.8420718      0.4568324      0.5899458      -1.0557584   3.4793e-01  0.43271       RM     
  0.8420718      0.2066024      0.5899458      -0.4824080   6.1730e-01  0.42827       RM     
  1.0064874      0.1644157      0.5899458      -0.3878768   6.7850e-01  0.42389       AM     
  0.6948900      -0.3115975     0.5899458      -0.3878768   6.7850e-01  0.41954       AF     
  1.3703304      0.6754404      0.5899458      -1.6265996   1.9660e-01  0.41525       AM     
  1.5365741      0.1662437      0.5899458      -0.4044925   6.6732e-01  0.41099       AM     
  1.3270141      -0.2095600     0.5899458      -0.4044925   6.6732e-01  0.40678       AF     
  1.4008040      0.0737899      0.5899458      -0.1832758   8.3254e-01  0.40262       AM     
  1.4008040      0.8315333      0.5899458      -2.0866965   1.2410e-01  0.39849       RM     
  1.4008040      0.2139304      0.5899458      -0.5424050   5.8135e-01  0.39441       RM     
  1.4008040      0.2416584      0.5899458      -0.6190483   5.3846e-01  0.39037       RM     
  1.4008040      0.9767378      0.5899458      -2.5279714   7.9821e-02  0.38637       RM     
  0.6852033      -0.7156007     0.5899458      -2.5279714   7.9821e-02  0.38241       AF     
  0.6852033      0.2337654      0.5899458      -0.6176144   5.3923e-01  0.37850       RM     
  0.6852033      1.1742588      0.5899458      -3.1345303   4.3520e-02  0.37462       RM     
  0.7701205      0.0849172      0.5899458      -0.2290213   7.9531e-01  0.37078       AM     
  0.8259204      0.0557999      0.5899458      -0.1520495   8.5895e-01  0.36699       AM     
  0.8259204      0.9783631      0.5899458      -2.6935385   6.7641e-02  0.36323       RM     
  0.8259204      0.8294682      0.5899458      -2.3072486   9.9535e-02  0.35951       RM     
  1.0513156      0.2253952      0.5899458      -0.6334477   5.3076e-01  0.35582       AM     
  0.8942182      -0.1570974     0.5899458      -0.6334477   5.3076e-01  0.35218       AF     
  0.8942182      1.3163169      0.5899458      -3.7763271   2.2907e-02  0.34857       RM     
  0.8942182      0.3319972      0.5899458      -0.9623101   3.8201e-01  0.34500       RM     
  0.8942182      0.4485394      0.5899458      -1.3135686   2.6886e-01  0.34147       RM     
  0.8942182      0.0419581      0.5899458      -0.1241478   8.8325e-01  0.33797       RM     
  1.1774317      0.2832135      0.5899458      -0.8466601   4.2884e-01  0.33451       AM     
  0.7484142      -0.4290175     0.5899458      -0.8466601   4.2884e-01  0.33108       AF     
  0.7484142      1.5722183      0.5899458      -4.7978978   8.2471e-03  0.32769       RM     
  0.9236843      0.1752701      0.5899458      -0.5404025   5.8251e-01  0.32433       AM     
  0.9236843      0.8488324      0.5899458      -2.6442537   7.1058e-02  0.32101       RM     
  1.0165412      0.0928569      0.5899458      -0.2922583   7.4658e-01  0.31772       AM     
  0.9321481      -0.0843930     0.5899458      -0.2922583   7.4658e-01  0.31447       AF     
  0.6668134      -0.2653348     0.5899458      -0.2922583   7.4658e-01  0.31125       AF     
  0.6668134      0.5044155      0.5899458      -1.6374031   1.9448e-01  0.30806       RM     
  0.6668134      1.4500013      0.5899458      -4.7556191   8.6032e-03  0.30490       RM     
  0.6668134      1.2083656      0.5899458      -4.0041330   1.8240e-02  0.30178       RM     
  0.9611816      0.2943682      0.5899458      -0.9855362   3.7324e-01  0.29869       AM     
  0.9611816      0.8029249      0.5899458      -2.7159895   6.6139e-02  0.29563       RM     
  1.1614581      0.2002765      0.5899458      -0.6844703   5.0436e-01  0.29260       AM     
  0.7574235      -0.4040346     0.5899458      -0.6844703   5.0436e-01  0.28960       AF     
  1.2433850      0.4859615      0.5899458      -1.6953897   1.8353e-01  0.28664       AM     
  0.7141928      -0.5291922     0.5899458      -1.6953897   1.8353e-01  0.28370       AF     
  0.7133530      -0.0008398     0.5899458      -1.6953897   1.8353e-01  0.28079       AF     
  0.9439196      0.2305666      0.5899458      -0.8296187   4.3622e-01  0.27792       AM     
  1.1830671      0.2391475      0.5899458      -0.8693996   4.1920e-01  0.27507       AM     
  1.3241478      0.1410807      0.5899458      -0.5181945   5.9559e-01  0.27225       AM     
  0.6907368      -0.6334110     0.5899458      -0.5181945   5.9559e-01  0.26947       AF     
  1.0723982      0.3816614      0.5899458      -1.4310223   2.3906e-01  0.26671       AM     
  1.0723982      1.1427870      0.5899458      -4.3291731   1.3178e-02  0.26397       RM     
  0.7412592      -0.3311390     0.5899458      -4.3291731   1.3178e-02  0.26127       AF     
  0.7747278      0.0334686      0.5899458      -0.1294254   8.7860e-01  0.25859       AM     
  0.7747278      0.1264649      0.5899458      -0.4941105   6.1011e-01  0.25594       RM     
  1.1332648      0.3585370      0.5899458      -1.4153362   2.4284e-01  0.25332       AM     
  1.1571134      0.0238487      0.5899458      -0.0951177   9.0927e-01  0.25073       AM     
  1.0271657      -0.1299477     0.5899458      -0.0951177   9.0927e-01  0.24816       AF     
  1.0271657      0.3517170      0.5899458      -1.4319687   2.3884e-01  0.24562       RM     
  0.7936494      -0.2335163     0.5899458      -1.4319687   2.3884e-01  0.24310       AF     
  0.7936494      0.2865772      0.5899458      -1.1910358   3.0391e-01  0.24061       RM     
  0.6990573      -0.0945921     0.5899458      -1.1910358   3.0391e-01  0.23815       AF     
  0.6990573      0.5206025      0.5899458      -2.2086782   1.0985e-01  0.23571       RM     
  0.6990573      0.4792885      0.5899458      -2.0544457   1.2816e-01  0.23329       RM     
  0.6942634      -0.0047939     0.5899458      -2.0544457   1.2816e-01  0.23090       AF     
  0.6942634      0.1985220      0.5899458      -0.8686589   4.1951e-01  0.22854       RM     
  0.6942634      0.2180297      0.5899458      -0.9638910   3.8141e-01  0.22620       RM     
  0.6942634      1.0444582      0.5899458      -4.6652480   9.4169e-03  0.22388       RM     
  0.7692711      0.0750077      0.5899458      -0.3385018   7.1284e-01  0.22159       AM     
  0.7692711      0.2583414      0.5899458      -1.1779334   3.0791e-01  0.21932       RM     
  0.7692711      0.6291886      0.5899458      -2.8985383   5.5104e-02  0.21707       RM     
  0.7692711      0.0667017      0.5899458      -0.3104605   7.3311e-01  0.21485       RM     
  0.8696106      0.1003396      0.5899458      -0.4718603   6.2384e-01  0.21265       AM     
  0.6832521      -0.1863585     0.5899458      -0.4718603   6.2384e-01  0.21047       AF     
  0.6832521      1.0342536      0.5899458      -4.9649083   6.9786e-03  0.20831       RM     
  0.6262646      -0.0569875     0.5899458      -4.9649083   6.9786e-03  0.20618       AF     
  0.6262646      1.6443026      0.5899458      -8.0576597   3.1667e-04  0.20407       RM     
  0.6262646      0.3072241      0.5899458      -1.5210867   2.1847e-01  0.20198       RM     
  0.6262646      1.4153528      0.5899458      -7.0800266   8.4175e-04  0.19991       RM     
  0.7267996      0.1005350      0.5899458      -0.5081114   6.0163e-01  0.19786       AM     
  0.7267996      0.2281969      0.5899458      -1.1652602   3.1184e-01  0.19583       RM     
  0.7267996      1.0812290      0.5899458      -5.5783062   3.7790e-03  0.19383       RM     
  0.7267996      1.1222681      0.5899458      -5.8499588   2.8800e-03  0.19184       RM     
  0.7267996      0.8320360      0.5899458      -4.3819739   1.2501e-02  0.18988       RM     
  0.7946613      0.0678617      0.5899458      -0.3610972   6.9691e-01  0.18793       AM     
  0.7946613      0.9781540      0.5899458      -5.2586944   5.2021e-03  0.18601       RM     
  0.7897965      -0.0048648     0.5899458      -5.2586944   5.2021e-03  0.18410       AF     
  0.7897965      0.6591154      0.5899458      -3.6172220   2.6857e-02  0.18222       RM     
  0.7897965      0.3644996      0.5899458      -2.0210741   1.3251e-01  0.18035       RM     
  0.7897965      0.6937910      0.5899458      -3.8867389   2.0512e-02  0.17850       RM     
  0.7897965      0.7957445      0.5899458      -4.5040359   1.1064e-02  0.17667       RM     
  0.6724463      -0.1173502     0.5899458      -4.5040359   1.1064e-02  0.17486       AF     
  0.6724463      1.5234199      0.5899458      -8.8021912   1.5040e-04  0.17307       RM     
  0.6724463      0.6911724      0.5899458      -4.0348657   1.7688e-02  0.17130       RM     
  0.6752510      0.0028047      0.5899458      -0.0165426   9.8359e-01  0.16955       AM     
  0.7394672      0.0642162      0.5899458      -0.3826749   6.8203e-01  0.16781       AM     
  0.7394672      0.7193775      0.5899458      -4.3312578   1.3151e-02  0.16609       RM     
  0.7394672      0.8778603      0.5899458      -5.3401577   4.7951e-03  0.16439       RM     
  0.7394672      0.3884845      0.5899458      -2.3876678   9.1844e-02  0.16270       RM     
  0.6868525      -0.0526147     0.5899458      -2.3876678   9.1844e-02  0.16104       AF     
  0.6868525      0.1203755      0.5899458      -0.7552337   4.6990e-01  0.15939       RM     
  0.8667991      0.1799467      0.5899458      -1.1406660   3.1961e-01  0.15776       AM     
  0.8667991      0.2602019      0.5899458      -1.6664669   1.8891e-01  0.15614       RM     
  0.8566207      -0.0101784     0.5899458      -1.6664669   1.8891e-01  0.15454       AF     
  0.6743013      -0.1823194     0.5899458      -1.6664669   1.8891e-01  0.15296       AF     
  0.7687783      0.0944770      0.5899458      -0.6240608   5.3576e-01  0.15139       AM     
  1.0165542      0.2477759      0.5899458      -1.6536031   1.9136e-01  0.14984       AM     
  1.0165542      1.0695325      0.5899458      -7.2117006   7.3790e-04  0.14831       RM     
  0.8782966      -0.1382576     0.5899458      -7.2117006   7.3790e-04  0.14679       AF     
  0.8782966      0.6530522      0.5899458      -4.4950507   1.1164e-02  0.14528       RM     
  0.8287409      -0.0495557     0.5899458      -4.4950507   1.1164e-02  0.14379       AF     
  0.8287409      0.4306653      0.5899458      -3.0260042   4.8509e-02  0.14232       RM     
  0.8287409      0.4321454      0.5899458      -3.0678288   4.6522e-02  0.14086       RM     
  0.8287409      0.2183388      0.5899458      -1.5660424   2.0887e-01  0.13942       RM     
  0.9198871      0.0911461      0.5899458      -0.6605146   5.1659e-01  0.13799       AM     
  1.0053699      0.0854828      0.5899458      -0.6258852   5.3479e-01  0.13658       AM     
  0.9468133      -0.0585567     0.5899458      -0.6258852   5.3479e-01  0.13518       AF     
  0.8252285      -0.1215847     0.5899458      -0.6258852   5.3479e-01  0.13380       AF     
  0.8252285      1.4773964      0.5899458     -11.1564807   1.4282e-05  0.13242       RM     
  0.8252285      0.2418455      0.5899458      -1.8451843   1.5800e-01  0.13107       RM     
  0.8252285      0.3119855      0.5899458      -2.4049584   9.0269e-02  0.12973       RM     
  0.7391762      -0.0860523     0.5899458      -2.4049584   9.0269e-02  0.12840       AF     
  0.7391762      0.7379153      0.5899458      -5.8066109   3.0076e-03  0.12708       RM     
  0.6647012      -0.0744751     0.5899458      -5.8066109   3.0076e-03  0.12578       AF     
  0.6647012      0.2343846      0.5899458      -1.8827306   1.5217e-01  0.12449       RM     
  0.6647012      1.6206699      0.5899458     -13.1530132   1.9396e-06  0.12322       RM     
  0.6647012      0.9978767      0.5899458      -8.1823697   2.7954e-04  0.12195       RM     
  0.6647012      0.8153913      0.5899458      -6.7552242   1.1648e-03  0.12071       RM     
  0.6647012      0.2640406      0.5899458      -2.2101206   1.0969e-01  0.11947       RM     
  0.7391298      0.0744286      0.5899458      -0.6294436   5.3289e-01  0.11825       AM     
  0.7782162      0.0390865      0.5899458      -0.3339754   7.1607e-01  0.11703       AM     
  0.7782162      1.5265861      0.5899458     -13.1789557   1.8900e-06  0.11584       RM     
  0.7782162      1.3980044      0.5899458     -12.1938190   5.0616e-06  0.11465       RM     
  0.7782162      0.1569475      0.5899458      -1.3831109   2.5080e-01  0.11347       RM     
  0.7782162      0.4809910      0.5899458      -4.2826358   1.3806e-02  0.11231       RM     
  0.7867377      0.0085215      0.5899458      -0.0766587   9.2621e-01  0.11116       AM     
  0.7867377      1.2551475      0.5899458     -11.4080643   1.1106e-05  0.11002       RM     
  0.7867377      0.8805425      0.5899458      -8.0860989   3.0779e-04  0.10890       RM     
  0.7867377      1.4823555      0.5899458     -13.7534786   1.0640e-06  0.10778       RM     
  0.8290062      0.0422685      0.5899458      -0.3962306   6.7285e-01  0.10668       AM     
  0.8290062      0.9515688      0.5899458      -9.0124613   1.2188e-04  0.10558       RM     
  0.9346085      0.1056023      0.5899458      -1.0105277   3.6403e-01  0.10450       AM     
  0.9346085      0.0399953      0.5899458      -0.3866832   6.7931e-01  0.10343       RM     
  1.0508628      0.1162542      0.5899458      -1.1356030   3.2123e-01  0.10237       AM     
  1.0508628      0.7878485      0.5899458      -7.7755644   4.1987e-04  0.10132       RM     
  1.0508628      0.6035157      0.5899458      -6.0179601   2.4346e-03  0.10029       RM     
  1.0508628      1.5760945      0.5899458     -15.8786818   1.2705e-07  0.09926       RM     
  1.2040234      0.1531606      0.5899458      -1.5590166   2.1034e-01  0.09824       AM     
  0.7882496      -0.4157738     0.5899458      -1.5590166   2.1034e-01  0.09724       AF     
  0.8111085      0.0228589      0.5899458      -0.2375212   7.8858e-01  0.09624       AM     
  0.7399599      -0.0711486     0.5899458      -0.2375212   7.8858e-01  0.09525       AF     
  0.7399599      0.6372226      0.5899458      -6.7589758   1.1604e-03  0.09428       RM     
  0.7399599      0.9528913      0.5899458     -10.2118536   3.6732e-05  0.09331       RM     
  0.7399599      1.0841655      0.5899458     -11.7389235   7.9772e-06  0.09236       RM     
  0.7399599      1.5465138      0.5899458     -16.9183505   4.4921e-08  0.09141       RM     
  0.7399599      0.0882226      0.5899458      -0.9751139   3.7715e-01  0.09047       RM     
  0.5984498      -0.1415101     0.5899458      -0.9751139   3.7715e-01  0.08955       AF     
  0.5984498      0.8946128      0.5899458     -10.0937799   4.1336e-05  0.08863       RM     
  0.5984498      0.9252998      0.5899458     -10.5480616   2.6244e-05  0.08772       RM     
  0.7177170      0.1192672      0.5899458      -1.3736710   2.5318e-01  0.08682       AM     
  0.7177170      0.2760899      0.5899458      -3.2128005   4.0244e-02  0.08593       RM     
  0.7177170      0.1916996      0.5899458      -2.2538544   1.0499e-01  0.08505       RM     
  0.7177170      0.2399031      0.5899458      -2.8497849   5.7857e-02  0.08418       RM     
  0.7177170      0.4286122      0.5899458      -5.1441338   5.8335e-03  0.08332       RM     
  0.7177170      0.3144025      0.5899458      -3.8124588   2.2094e-02  0.08247       RM     
  0.7177170      0.5678210      0.5899458      -6.9566825   9.5225e-04  0.08162       RM     
  0.7177170      0.2162712      0.5899458      -2.6770777   6.8764e-02  0.08079       RM     
  0.8699149      0.1521979      0.5899458      -1.9034543   1.4905e-01  0.07996       AM     
  0.8699149      0.4690457      0.5899458      -5.9268013   2.6670e-03  0.07914       RM     
  0.8539008      -0.0160141     0.5899458      -5.9268013   2.6670e-03  0.07833       AF     
  0.8539008      0.0943570      0.5899458      -1.2170886   2.9609e-01  0.07753       RM     
  0.7029402      -0.1509606     0.5899458      -1.2170886   2.9609e-01  0.07673       AF     
  0.7029402      0.5699304      0.5899458      -7.5043490   5.5068e-04  0.07595       RM     
  0.7029402      0.3693043      0.5899458      -4.9130042   7.3504e-03  0.07517       RM     
  0.7029402      0.5158621      0.5899458      -6.9337445   9.7435e-04  0.07440       RM     
  0.7029402      0.6483654      0.5899458      -8.8049221   1.4999e-04  0.07364       RM     
  0.7029402      1.5819006      0.5899458     -21.7048315   3.7472e-10  0.07288       RM     
  0.7029402      0.5374131      0.5899458      -7.4500113   5.8144e-04  0.07214       RM     
  0.7029402      0.2733902      0.5899458      -3.8291573   2.1728e-02  0.07140       RM     
  0.7029402      0.5295981      0.5899458      -7.4944223   5.5618e-04  0.07067       RM     
  0.6981856      -0.0047546     0.5899458      -7.4944223   5.5618e-04  0.06994       AF     
  0.6981856      0.2158820      0.5899458      -3.1185386   4.4222e-02  0.06923       RM     
  0.6981856      0.1879825      0.5899458      -2.7436179   6.4337e-02  0.06852       RM     
  0.6981856      1.5423105      0.5899458     -22.7430940   1.3268e-10  0.06781       RM     
  0.6981856      0.3060283      0.5899458      -4.5594335   1.0468e-02  0.06712       RM     
  0.6981856      0.0345333      0.5899458      -0.5198266   5.9462e-01  0.06643       RM     
  0.6981856      0.2805490      0.5899458      -4.2667865   1.4027e-02  0.06575       RM     
  0.6978193      -0.0003663     0.5899458      -4.2667865   1.4027e-02  0.06508       AF     
  0.6978193      0.2432581      0.5899458      -3.7766131   2.2900e-02  0.06441       RM     
  0.6978193      0.3042144      0.5899458      -4.7718461   8.4647e-03  0.06375       RM     
  0.6978193      0.1631510      0.5899458      -2.5856387   7.5348e-02  0.06310       RM     
  0.6268928      -0.0709265     0.5899458      -2.5856387   7.5348e-02  0.06245       AF     
  0.6268928      0.7293095      0.5899458     -11.7986712   7.5145e-06  0.06181       RM     
  0.6268928      0.2207508      0.5899458      -3.6082369   2.7100e-02  0.06118       RM     
  0.6268928      0.4764052      0.5899458      -7.8675718   3.8296e-04  0.06055       RM     
  0.6268928      0.5623678      0.5899458      -9.3833123   8.4116e-05  0.05993       RM     
  0.6268928      0.0943230      0.5899458      -1.5901017   2.0390e-01  0.05932       RM     
  0.6268928      1.2830143      0.5899458     -21.8529578   3.2313e-10  0.05871       RM     
  0.6268928      0.2456478      0.5899458      -4.2273001   1.4592e-02  0.05811       RM     
  0.6268928      1.4966647      0.5899458     -26.0223331   4.9963e-12  0.05751       RM     
  0.6268928      0.6990206      0.5899458     -12.2795720   4.6457e-06  0.05693       RM     
  0.6268928      0.1234960      0.5899458      -2.1918834   1.1171e-01  0.05634       RM     
  0.6268928      0.0330680      0.5899458      -0.5929853   5.5267e-01  0.05577       RM     
  0.6268928      0.1397747      0.5899458      -2.5324240   7.9466e-02  0.05519       RM     
  0.6268928      1.4272489      0.5899458     -26.1263620   4.5026e-12  0.05463       RM     
  0.6268928      0.7462105      0.5899458     -13.8010496   1.0146e-06  0.05407       RM     
  0.6268928      0.4324969      0.5899458      -8.0817468   3.0913e-04  0.05352       RM     
  0.6268928      0.7719382      0.5899458     -14.5739157   4.6841e-07  0.05297       RM     
  0.6268928      0.8129146      0.5899458     -15.5063698   1.8436e-07  0.05242       RM     
  0.6268928      1.0237033      0.5899458     -19.7292628   2.7020e-09  0.05189       RM     
  0.6268928      0.4755102      0.5899458      -9.2590845   9.5242e-05  0.05136       RM     
  0.6268928      0.6269377      0.5899458     -12.3340056   4.3996e-06  0.05083       RM     
  0.6268928      0.0996572      0.5899458      -1.9808877   1.3795e-01  0.05031       RM     
  0.6268928      0.6940122      0.5899458     -13.9376601   8.8502e-07  0.04979       RM     
  0.6268928      0.3580395      0.5899458      -7.2648260   6.9972e-04  0.04928       RM     
  0.6268928      0.2064579      0.5899458      -4.2325020   1.4516e-02  0.04878       RM     
  0.6268928      0.5118548      0.5899458     -10.6019086   2.4868e-05  0.04828       RM     
  0.6268928      0.2174917      0.5899458      -4.5514673   1.0552e-02  0.04778       RM     
  0.6268928      0.9650397      0.5899458     -20.4044748   1.3755e-09  0.04730       RM     
  0.6268928      0.3942166      0.5899458      -8.4214446   2.2010e-04  0.04681       RM     
  0.6268928      1.2205560      0.5899458     -26.3439535   3.6221e-12  0.04633       RM     
  0.6268928      0.8837423      0.5899458     -19.2717151   4.2697e-09  0.04586       RM     
  0.6268928      0.2179653      0.5899458      -4.8023476   8.2104e-03  0.04539       RM     
  0.6268928      0.9176745      0.5899458     -20.4280265   1.3434e-09  0.04492       RM     
  0.6268928      1.9648061      0.5899458     -44.1905034   6.4314e-20  0.04446       RM     
  0.6268928      0.1631547      0.5899458      -3.7074925   2.4539e-02  0.04401       RM     
  0.6268928      1.3125454      0.5899458     -30.1346797   8.1785e-14  0.04356       RM     
  0.6268928      0.1010255      0.5899458      -2.3434450   9.5996e-02  0.04311       RM     
  0.6268928      0.3289355      0.5899458      -7.7091407   4.4871e-04  0.04267       RM     
  0.6268928      0.1652482      0.5899458      -3.9129436   1.9982e-02  0.04223       RM     
  0.6268928      0.3223421      0.5899458      -7.7117911   4.4752e-04  0.04180       RM     
  0.6268928      0.3761397      0.5899458      -9.0919890   1.1256e-04  0.04137       RM     
  0.6268928      0.0772089      0.5899458      -1.8855967   1.5174e-01  0.04095       RM     
  0.6268928      0.4105774      0.5899458     -10.1308945   3.9830e-05  0.04053       RM     
  0.6268928      0.4056858      0.5899458     -10.1137936   4.0517e-05  0.04011       RM     
  0.6268928      0.0510146      0.5899458      -1.2849607   2.7666e-01  0.03970       RM     
  0.6268928      0.2357286      0.5899458      -5.9990092   2.4812e-03  0.03929       RM     
  0.6268928      1.4884147      0.5899458     -38.2703724   2.3955e-17  0.03889       RM     
  0.6268928      0.1697865      0.5899458      -4.4107603   1.2146e-02  0.03849       RM     
  0.6268928      0.3258272      0.5899458      -8.5520282   1.9315e-04  0.03810       RM     
  0.6268928      0.6208689      0.5899458     -16.4646736   7.0710e-08  0.03771       RM     
  0.6268928      1.9629436      0.5899458     -52.5935610   1.4418e-23  0.03732       RM     
  0.6268928      0.6903241      0.5899458     -18.6874183   7.6587e-09  0.03694       RM     
  0.6268928      1.2344345      0.5899458     -33.7625940   2.1732e-15  0.03656       RM     
  0.6268928      0.9503130      0.5899458     -26.2606764   3.9367e-12  0.03619       RM     
  0.6268928      1.7142314      0.5899458     -47.8608262   1.6380e-21  0.03582       RM     
  0.6268928      0.5511697      0.5899458     -15.5477520   1.7689e-07  0.03545       RM     
  0.6268928      0.4072592      0.5899458     -11.6071254   9.1010e-06  0.03509       RM     
  0.6268928      0.2867218      0.5899458      -8.2563092   2.5962e-04  0.03473       RM     
  0.6268928      0.0700739      0.5899458      -2.0386996   1.3020e-01  0.03437       RM     
  0.6268928      0.3122430      0.5899458      -9.1782739   1.0326e-04  0.03402       RM     
  0.6268928      1.0550957      0.5899458     -31.3351389   2.4622e-14  0.03367       RM     
  0.6268928      0.3271748      0.5899458      -9.8172786   5.4502e-05  0.03333       RM     
  0.6268928      0.2802929      0.5899458      -8.4975727   2.0396e-04  0.03299       RM     
  0.6268928      0.1510823      0.5899458      -4.6277275   9.7770e-03  0.03265       RM     
  0.6268928      0.5260797      0.5899458     -16.2808574   8.4979e-08  0.03231       RM     
  0.6268928      0.5839412      0.5899458     -18.2585533   1.1760e-08  0.03198       RM     
  0.6268928      1.0337011      0.5899458     -32.6560568   6.5714e-15  0.03165       RM     
  0.6268928      1.1807736      0.5899458     -37.6883309   4.2871e-17  0.03133       RM     
  0.6268928      1.3409757      0.5899458     -43.2446762   1.6561e-19  0.03101       RM     
  0.6268928      0.3010777      0.5899458      -9.8098382   5.4909e-05  0.03069       RM     
  0.6268928      1.9245081      0.5899458     -63.3540680   3.0597e-28  0.03038       RM     
  0.6268928      1.6741912      0.5899458     -55.6841142   6.5569e-25  0.03007       RM     
  0.6268928      0.3278648      0.5899458     -11.0177423   1.6408e-05  0.02976       RM     
  0.6268928      0.6711756      0.5899458     -22.7879575   1.2686e-10  0.02945       RM     
  0.6268928      0.4006196      0.5899458     -13.7427272   1.0755e-06  0.02915       RM     
  0.6268928      0.6098112      0.5899458     -21.1352616   6.6233e-10  0.02885       RM     
  0.6557524      0.0288596      0.5899458      -1.0105883   3.6400e-01  0.02856       AM     
  0.6557524      0.3723854      0.5899458     -13.1749192   1.8976e-06  0.02826       RM     
  0.6557524      0.8122905      0.5899458     -29.0360884   2.4535e-13  0.02798       RM     
  0.6557524      0.9141784      0.5899458     -33.0163618   4.5833e-15  0.02769       RM     
  0.6557524      1.4898307      0.5899458     -54.3634089   2.4562e-24  0.02741       RM     
  0.6557524      1.9162501      0.5899458     -70.6469575   2.0817e-31  0.02712       RM     
  0.6557524      0.0316200      0.5899458      -1.1778083   3.0795e-01  0.02685       RM     
  0.6557524      0.2675276      0.5899458     -10.0682235   4.2406e-05  0.02657       RM     
  0.6557524      1.7242569      0.5899458     -65.5628375   3.3606e-29  0.02630       RM     
  0.6557524      0.5574602      0.5899458     -21.4161363   5.0014e-10  0.02603       RM     
  0.6557524      0.3075341      0.5899458     -11.9369140   6.5443e-06  0.02576       RM     
  0.6557524      1.3060738      0.5899458     -51.2198111   5.6953e-23  0.02550       RM     
  0.6557524      1.0021315      0.5899458     -39.7069458   5.6950e-18  0.02524       RM     
  0.5926719      -0.0630805     0.5899458     -39.7069458   5.6950e-18  0.02498       AF     
  0.5926719      0.7538188      0.5899458     -30.4896013   5.7350e-14  0.02472       RM     
  0.5926719      0.4774046      0.5899458     -19.5093534   3.3666e-09  0.02447       RM     
  0.5926719      0.3145534      0.5899458     -12.9873991   2.2890e-06  0.02422       RM     
  0.5926719      0.7149799      0.5899458     -29.8258687   1.1138e-13  0.02397       RM     
  0.5926719      1.6713143      0.5899458     -70.4415489   2.5564e-31  0.02373       RM     
  0.5926719      0.0579574      0.5899458      -2.4680356   8.4751e-02  0.02348       RM     
  0.5926719      1.8048109      0.5899458     -77.6507197   1.8911e-34  0.02324       RM     
  0.5926719      1.8689651      0.5899458     -81.2430971   5.2068e-36  0.02300       RM     
  0.5926719      0.6167565      0.5899458     -27.0875994   1.7219e-12  0.02277       RM     
  0.5926719      0.6161952      0.5899458     -27.3430280   1.3337e-12  0.02254       RM     
  0.5926719      1.1381683      0.5899458     -51.0277299   6.9014e-23  0.02230       RM     
  0.5926719      0.3451313      0.5899458     -15.6334762   1.6236e-07  0.02208       RM     
  0.5926719      0.4619229      0.5899458     -21.1403543   6.5896e-10  0.02185       RM     
  0.5926719      0.8903272      0.5899458     -41.1683925   1.3207e-18  0.02163       RM     
  0.5926719      0.4491846      0.5899458     -20.9850820   7.6965e-10  0.02140       RM     
  0.5926719      0.1937822      0.5899458      -9.1468431   1.0656e-04  0.02119       RM     
  0.5926719      1.3407849      0.5899458     -63.9422445   1.6992e-28  0.02097       RM     
  0.5926719      0.3550546      0.5899458     -17.1078502   3.7167e-08  0.02075       RM     
  0.5926719      0.3373323      0.5899458     -16.4221402   7.3783e-08  0.02054       RM     
  0.5926719      1.1238289      0.5899458     -55.2768729   9.8528e-25  0.02033       RM     
  0.5926719      0.1418291      0.5899458      -7.0482328   8.6894e-04  0.02012       RM     
  0.5926719      0.8402634      0.5899458     -42.1892417   4.7582e-19  0.01992       RM     
  0.5762018      -0.0164701     0.5762018     -42.1892417   4.7582e-19  0.01971       AF     
  0.5762018      1.8864058      0.5762018     -96.6861803   1.0226e-42  0.01951       RM     
  0.5762018      1.4462260      0.5762018     -74.8922595   2.9834e-33  0.01931       RM     
  0.5762018      0.1265022      0.5762018      -6.6186668   1.3352e-03  0.01911       RM     
  0.5762018      1.0321114      0.5762018     -54.5594939   2.0189e-24  0.01892       RM     
  0.5762018      0.1716743      0.5762018      -9.1689685   1.0422e-04  0.01872       RM     
  0.5762018      0.2705683      0.5762018     -14.6003619   4.5619e-07  0.01853       RM     
  0.5762018      0.8750088      0.5762018     -47.7057489   1.9127e-21  0.01834       RM     
  0.5762018      1.3001518      0.5762018     -71.6182720   7.8810e-32  0.01815       RM     
  0.5762018      1.0130118      0.5762018     -56.3787962   3.2734e-25  0.01797       RM     
  0.5762018      0.2820011      0.5762018     -15.8570913   1.2982e-07  0.01778       RM     
  0.5762018      0.8383311      0.5762018     -47.6277247   2.0680e-21  0.01760       RM     
  0.5762018      1.7827272      0.5762018     -102.3294588  3.6214e-45  0.01742       RM     
  0.5762018      1.0639225      0.5762018     -61.7017201   1.5969e-27  0.01724       RM     
  0.5762018      1.0965871      0.5762018     -64.2542586   1.2437e-28  0.01707       RM     
  0.5762018      0.3054821      0.5762018     -18.0848980   1.3990e-08  0.01689       RM     
  0.5762018      1.2883441      0.5762018     -77.0608249   3.4112e-34  0.01672       RM     
  0.5762018      0.9646844      0.5762018     -58.2986564   4.7997e-26  0.01655       RM     
  0.5762018      1.7666122      0.5762018     -107.8663595  1.4264e-47  0.01638       RM     
  0.5762018      0.2030893      0.5762018     -12.5286218   3.6215e-06  0.01621       RM     
  0.5762018      0.3327799      0.5762018     -20.7417262   9.8171e-10  0.01604       RM     
  0.5762018      0.2206130      0.5762018     -13.8928202   9.2560e-07  0.01588       RM     
  0.5762018      0.4423257      0.5762018     -28.1431659   5.9921e-13  0.01572       RM     
  0.5762018      1.2304736      0.5762018     -79.0996528   4.4408e-35  0.01556       RM     
  0.5762018      0.2414918      0.5762018     -15.6846964   1.5425e-07  0.01540       RM     
  0.5762018      1.4581101      0.5762018     -95.6831786   2.7882e-42  0.01524       RM     
  0.5762018      0.7530136      0.5762018     -49.9251791   2.0786e-22  0.01508       RM     
  0.5762018      1.2576098      0.5762018     -84.2430745   2.5924e-37  0.01493       RM     
  0.5762018      0.0438241      0.5762018      -2.9660098   5.1508e-02  0.01478       RM     
  0.5762018      0.9523064      0.5762018     -65.1190412   5.2379e-29  0.01462       RM     
  0.5762018      1.5991038      0.5762018     -110.4789249  1.0462e-48  0.01447       RM     
  0.5762018      1.4884092      0.5762018     -103.8954775  7.5643e-46  0.01433       RM     
  0.5762018      0.7620263      0.5762018     -53.7422387   4.5713e-24  0.01418       RM     
  0.5762018      0.3452545      0.5762018     -24.6012194   2.0693e-11  0.01403       RM     
  0.5762018      0.5922539      0.5762018     -42.6379870   3.0378e-19  0.01389       RM     
  0.5762018      1.0904115      0.5762018     -79.3141555   3.5834e-35  0.01375       RM     
  0.5762018      0.8740156      0.5762018     -64.2319303   1.2718e-28  0.01361       RM     
  0.5762018      0.6369683      0.5762018     -47.2956383   2.8825e-21  0.01347       RM     
  0.5762018      0.0955843      0.5762018      -7.1706984   7.6879e-04  0.01333       RM     
  0.5762018      0.3686014      0.5762018     -27.9385120   7.3529e-13  0.01319       RM     
  0.5762018      0.6317565      0.5762018     -48.3801857   9.7443e-22  0.01306       RM     
  0.5762018      0.9260010      0.5762018     -71.6474558   7.6543e-32  0.01292       RM     
  0.5762018      0.5058676      0.5762018     -39.5455517   6.6924e-18  0.01279       RM     
  0.5762018      0.8840313      0.5762018     -69.8232275   4.7441e-31  0.01266       RM     
  0.5762018      1.3621436      0.5762018     -108.6992886  6.2015e-48  0.01253       RM     
  0.5762018      1.7298526      0.5762018     -139.4711536  2.6819e-61  0.01240       RM     
  0.5762018      0.7683083      0.5762018     -62.5867409   6.5906e-28  0.01228       RM     
  0.5762018      0.4160554      0.5762018     -34.2428123   1.3444e-15  0.01215       RM     
  0.5762018      0.3217805      0.5762018     -26.7577428   2.3947e-12  0.01203       RM     
  0.5762018      0.7108284      0.5762018     -59.7208650   1.1576e-26  0.01190       RM     
  0.5762018      0.1334513      0.5762018     -11.3280581   1.2031e-05  0.01178       RM     
  0.5762018      0.3977729      0.5762018     -34.1145346   1.5284e-15  0.01166       RM     
  0.5762018      1.5612855      0.5762018     -135.2876401  1.7592e-59  0.01154       RM     
  0.5762018      0.5363872      0.5762018     -46.9597403   4.0331e-21  0.01142       RM     
  0.5762018      0.7198059      0.5762018     -63.6699066   2.2311e-28  0.01131       RM     
  0.5762018      0.3035554      0.5762018     -27.1286561   1.6526e-12  0.01119       RM     
  0.5762018      0.4278432      0.5762018     -38.6319293   1.6687e-17  0.01107       RM     
  0.5762018      0.9666448      0.5762018     -88.1861137   5.0264e-39  0.01096       RM     
  0.5762018      0.2623480      0.5762018     -24.1814608   3.1487e-11  0.01085       RM     
  0.5762018      0.1903613      0.5762018     -17.7278052   1.9995e-08  0.01074       RM     
  0.5762018      0.6492920      0.5762018     -61.0924971   2.9367e-27  0.01063       RM     
  0.5762018      0.2214401      0.5762018     -21.0511354   7.2046e-10  0.01052       RM     
  0.5762018      1.1142148      0.5762018     -107.0187097  3.3294e-47  0.01041       RM     
  0.5762018      0.5491070      0.5762018     -53.2867529   7.2087e-24  0.01030       RM     
  0.5762018      0.2060606      0.5762018     -20.2035986   1.6815e-09  0.01020       RM     
  0.5762018      1.7548522      0.5762018     -173.8384550  3.1836e-76  0.01009       RM     
  0.5762018      1.5966283      0.5762018     -159.8014188  3.9731e-70  0.00999       RM     
  0.5762018      0.5699856      0.5762018     -57.6384368   9.2885e-26  0.00989       RM     
  0.5762018      0.5867155      0.5762018     -59.9442300   9.2587e-27  0.00979       RM     
  0.5762018      1.0050983      0.5762018     -103.7528069  8.7243e-46  0.00969       RM     
  0.5762018      0.4053741      0.5762018     -42.2784256   4.3522e-19  0.00959       RM     
  0.5762018      0.5294755      0.5762018     -55.7930586   5.8801e-25  0.00949       RM     
  0.5762018      0.4249835      0.5762018     -45.2457585   2.2388e-20  0.00939       RM     
  0.5762018      0.5401812      0.5762018     -58.1054325   5.8228e-26  0.00930       RM     
  0.5762018      0.3054603      0.5762018     -33.1973634   3.8244e-15  0.00920       RM     
  0.5762018      0.6266772      0.5762018     -68.8120059   1.3041e-30  0.00911       RM     
  0.5762018      0.3408247      0.5762018     -37.8114122   3.7906e-17  0.00901       RM     
  0.5762018      0.6468413      0.5762018     -72.5038470   3.2507e-32  0.00892       RM     
  0.5762018      0.0993847      0.5762018     -11.2552324   1.2939e-05  0.00883       RM     
  0.5762018      0.5964939      0.5762018     -68.2515174   2.2842e-30  0.00874       RM     
  0.5762018      0.3352171      0.5762018     -38.7528812   1.4786e-17  0.00865       RM     
  0.5762018      0.2159755      0.5762018     -25.2263105   1.1075e-11  0.00856       RM     
  0.5762018      1.6521005      0.5762018     -194.9652854  2.1264e-85  0.00847       RM     
  0.5762018      0.9694199      0.5762018     -115.5857411  6.3351e-51  0.00839       RM     
  0.5762018      0.0905278      0.5762018     -10.9055026   1.8357e-05  0.00830       RM     
  0.5762018      0.4572123      0.5762018     -55.6484667   6.7948e-25  0.00822       RM     
  0.5762018      1.7784780      0.5762018     -218.7032904  1.0432e-95  0.00813       RM     
  0.5762018      0.6001464      0.5762018     -74.5650878   4.1380e-33  0.00805       RM     
  0.5762018      0.0979583      0.5762018     -12.2967755   4.5664e-06  0.00797       RM     
  0.5762018      0.2218139      0.5762018     -28.1326082   6.0557e-13  0.00788       RM     
  0.5762018      0.7435887      0.5762018     -95.2852350   4.1510e-42  0.00780       RM     
  0.5762018      0.3661012      0.5762018     -47.3985983   2.6005e-21  0.00772       RM     
  0.5762018      0.2256499      0.5762018     -29.5169165   1.5169e-13  0.00764       RM     
  0.5762018      0.2364705      0.5762018     -31.2524612   2.6744e-14  0.00757       RM     
  0.5762018      0.7026587      0.5762018     -93.8260113   1.7860e-41  0.00749       RM     
  0.5762018      0.3420008      0.5762018     -46.1399897   9.1550e-21  0.00741       RM     
  0.5762018      0.5172242      0.5762018     -70.5018798   2.4067e-31  0.00734       RM     
  0.5762018      1.4891714      0.5762018     -205.0869363  8.5482e-90  0.00726       RM     
  0.5762018      0.3950243      0.5762018     -54.9653075   1.3455e-24  0.00719       RM     
  0.5762018      0.2587420      0.5762018     -36.3750144   1.5942e-16  0.00711       RM     
  0.5762018      1.8742551      0.5762018     -266.2174463  2.4168e-116  0.00704       RM     
 
######################
#### Final Result ####
######################
 
No of accepted moves without Metropolis = 169
No of accepted moves with Metropolis = 176
No of rejected moves with Metropolis = 362
Final temp =    0.00697
Optimized RMSE =      0.5762018
Optimized RMSE obtained at temperature =    0.01971
 
Buy developer a Cafe Mocha!
